<?xml version="1.0" encoding="UTF-8"?>
<!-- Generated by org.testng.reporters.JUnitXMLReporter -->
<testsuite ignored="0" hostname="Swapnil" failures="1" tests="7" name="BusesResult" time="17.534" errors="0" timestamp="2022-12-12T17:12:41 IST">
  <testcase classname="TestLayer.SearchBusesTest" name="setup" time="7.049"/>
  <testcase classname="TestLayer.SearchBusesTest" name="searchBuses" time="1.243"/>
  <testcase classname="TestLayer.SearchBusesTest" name="selectDate" time="0.114"/>
  <testcase classname="TestLayer.SearchBusesTest" name="search" time="0.081"/>
  <testcase classname="TestLayer.SelectSeatTest" name="click_on_view_seat" time="1.645"/>
  <testcase classname="TestLayer.SelectSeatTest" name="click_on_select_seat" time="0.661"/>
  <testcase classname="TestLayer.BordingAndDroppingTest" name="BordingDroping" time="3.015">
    <failure type="java.lang.NullPointerException" message="Cannot invoke &amp;quot;org.openqa.selenium.SearchContext.findElement(org.openqa.selenium.By)&amp;quot; because &amp;quot;this.searchContext&amp;quot; is null">
      <![CDATA[java.lang.NullPointerException: Cannot invoke "org.openqa.selenium.SearchContext.findElement(org.openqa.selenium.By)" because "this.searchContext" is null
at org.openqa.selenium.support.pagefactory.DefaultElementLocator.findElement(DefaultElementLocator.java:70)
at org.openqa.selenium.support.pagefactory.internal.LocatingElementHandler.invoke(LocatingElementHandler.java:39)
at jdk.proxy2/jdk.proxy2.$Proxy10.getWrappedElement(Unknown Source)
at org.openqa.selenium.remote.internal.WebElementToJsonConverter.apply(WebElementToJsonConverter.java:51)
at java.base/java.util.stream.ReferencePipeline$3$1.accept(ReferencePipeline.java:197)
at java.base/java.util.Spliterators$ArraySpliterator.forEachRemaining(Spliterators.java:1006)
at java.base/java.util.stream.AbstractPipeline.copyInto(AbstractPipeline.java:509)
at java.base/java.util.stream.AbstractPipeline.wrapAndCopyInto(AbstractPipeline.java:499)
at java.base/java.util.stream.ReduceOps$ReduceOp.evaluateSequential(ReduceOps.java:921)
at java.base/java.util.stream.AbstractPipeline.evaluate(AbstractPipeline.java:234)
at java.base/java.util.stream.ReferencePipeline.collect(ReferencePipeline.java:682)
at org.openqa.selenium.remote.RemoteWebDriver.executeScript(RemoteWebDriver.java:474)
at UtilsLayer.JavascriptExecutorMethods.clickOnElement(JavascriptExecutorMethods.java:18)
at PageLayer.BordingAndDroppingpage.bordingPoint(BordingAndDroppingpage.java:33)
at TestLayer.BordingAndDroppingTest.BordingDroping(BordingAndDroppingTest.java:15)
at java.base/java.util.ArrayList.forEach(ArrayList.java:1511)
... Removed 25 stack frames]]>
    </failure>
  </testcase> <!-- BordingDroping -->
</testsuite> <!-- BusesResult -->
